mode: set
github.com/umarali-nagoor/go-unit-test-coverage-tool/helper.go:8.42,10.13 2 1
github.com/umarali-nagoor/go-unit-test-coverage-tool/helper.go:10.13,12.3 1 0
github.com/umarali-nagoor/go-unit-test-coverage-tool/helper.go:13.2,14.13 2 1
github.com/umarali-nagoor/go-unit-test-coverage-tool/helper.go:14.13,16.3 1 0
github.com/umarali-nagoor/go-unit-test-coverage-tool/helper.go:18.2,18.54 1 1
github.com/umarali-nagoor/go-unit-test-coverage-tool/helper.go:21.28,22.14 1 1
github.com/umarali-nagoor/go-unit-test-coverage-tool/helper.go:23.9,24.22 1 1
github.com/umarali-nagoor/go-unit-test-coverage-tool/helper.go:25.9,26.30 1 1
github.com/umarali-nagoor/go-unit-test-coverage-tool/helper.go:27.9,28.21 1 0
github.com/umarali-nagoor/go-unit-test-coverage-tool/helper.go:29.10,30.16 1 0
github.com/umarali-nagoor/go-unit-test-coverage-tool/helper.go:34.39,35.19 1 1
github.com/umarali-nagoor/go-unit-test-coverage-tool/helper.go:36.9,37.21 1 1
github.com/umarali-nagoor/go-unit-test-coverage-tool/helper.go:38.9,39.19 1 1
github.com/umarali-nagoor/go-unit-test-coverage-tool/helper.go:40.9,41.17 1 0
github.com/umarali-nagoor/go-unit-test-coverage-tool/helper.go:42.9,43.21 1 0
github.com/umarali-nagoor/go-unit-test-coverage-tool/helper.go:44.9,45.18 1 0
github.com/umarali-nagoor/go-unit-test-coverage-tool/helper.go:46.9,47.18 1 1
github.com/umarali-nagoor/go-unit-test-coverage-tool/helper.go:48.9,49.20 1 0
github.com/umarali-nagoor/go-unit-test-coverage-tool/helper.go:52.2,52.11 1 0
